[0.038s] Invoking command in '/home/ckwolfe/turtlebot3_ws/build/turtlebot3_node': AMENT_PREFIX_PATH=/home/ckwolfe/turtlebot3_ws/install/turtlebot3_msgs:/home/ckwolfe/turtlebot3_ws/install/dynamixel_sdk:${AMENT_PREFIX_PATH} CMAKE_PREFIX_PATH=/home/ckwolfe/turtlebot3_ws/install/turtlebot3_msgs:/home/ckwolfe/turtlebot3_ws/install/dynamixel_sdk:/home/ckwolfe/Github/roar-indy-ws/install/zed_components:/home/ckwolfe/Github/roar-indy-ws/install/zed_interfaces:/home/ckwolfe/Github/roar-indy-ws/install/livox_ros2_driver:/home/ckwolfe/Github/roar-indy-ws/install/livox_sdk_vendor:/home/ckwolfe/Github/roar-indy-ws/install/livox_interfaces:/home/ckwolfe/Github/roar-indy-ws/install/indy_bot_urdf:/home/ckwolfe/Github/roar-indy-ws/install/image_common:/home/ckwolfe/Github/roar-indy-ws/install/image_transport:/home/ckwolfe/Github/roar-indy-ws/install/camera_info_manager:/home/ckwolfe/Github/roar-indy-ws/install/camera_calibration_parsers:/home/ckwolfe/Github/roar-indy-ws/install/roar_waypoint:/home/ckwolfe/Github/roar-indy-ws/install/roar_ground_plane_detector:/home/ckwolfe/Github/roar-indy-ws/install/roar_carla_ros2:/home/ckwolfe/Github/roar-indy-ws/install/deep_sort_ros2:/home/ckwolfe/Github/roar-indy-ws/install/cone_detector_ros2:/opt/ros/foxy LD_LIBRARY_PATH=/home/ckwolfe/turtlebot3_ws/install/turtlebot3_msgs/lib:/home/ckwolfe/turtlebot3_ws/install/dynamixel_sdk/lib:${LD_LIBRARY_PATH} PYTHONPATH=/home/ckwolfe/turtlebot3_ws/install/turtlebot3_msgs/lib/python3.8/site-packages:${PYTHONPATH} /usr/bin/cmake /home/ckwolfe/turtlebot3_ws/src/turtlebot3/turtlebot3/turtlebot3_node -DAMENT_CMAKE_SYMLINK_INSTALL=1 -DCMAKE_INSTALL_PREFIX=/home/ckwolfe/turtlebot3_ws/install/turtlebot3_node
[0.323s] -- The C compiler identification is GNU 9.4.0
[0.323s] -- The CXX compiler identification is GNU 9.4.0
[0.323s] -- Check for working C compiler: /usr/bin/cc
[0.323s] -- Check for working C compiler: /usr/bin/cc -- works
[0.323s] -- Detecting C compiler ABI info
[0.334s] -- Detecting C compiler ABI info - done
[0.347s] -- Detecting C compile features
[0.348s] -- Detecting C compile features - done
[0.351s] -- Check for working CXX compiler: /usr/bin/c++
[0.445s] -- Check for working CXX compiler: /usr/bin/c++ -- works
[0.446s] -- Detecting CXX compiler ABI info
[0.544s] -- Detecting CXX compiler ABI info - done
[0.558s] -- Detecting CXX compile features
[0.559s] -- Detecting CXX compile features - done
[0.562s] -- Found ament_cmake: 0.9.9 (/opt/ros/foxy/share/ament_cmake/cmake)
[0.606s] -- Found PythonInterp: /usr/bin/python3 (found suitable version "3.8.10", minimum required is "3") 
[0.606s] -- Using PYTHON_EXECUTABLE: /usr/bin/python3
[0.831s] -- Override CMake install command with custom implementation using symlinks instead of copying resources
[0.870s] -- Found dynamixel_sdk: 3.7.40 (/home/ckwolfe/turtlebot3_ws/install/dynamixel_sdk/share/dynamixel_sdk/cmake)
[0.875s] -- Found geometry_msgs: 2.0.5 (/opt/ros/foxy/share/geometry_msgs/cmake)
[0.925s] -- Using all available rosidl_typesupport_c: rosidl_typesupport_fastrtps_c;rosidl_typesupport_introspection_c
[0.936s] -- Found rosidl_adapter: 1.2.1 (/opt/ros/foxy/share/rosidl_adapter/cmake)
[1.048s] -- Found OpenSSL: /usr/lib/x86_64-linux-gnu/libcrypto.so (found version "1.1.1f")  
[1.091s] -- Found FastRTPS: /opt/ros/foxy/include  
[1.199s] -- Using all available rosidl_typesupport_cpp: rosidl_typesupport_fastrtps_cpp;rosidl_typesupport_introspection_cpp
[1.306s] -- Found message_filters: 3.2.5 (/opt/ros/foxy/share/message_filters/cmake)
[1.312s] -- Found nav_msgs: 2.0.5 (/opt/ros/foxy/share/nav_msgs/cmake)
[1.399s] -- Found rclcpp: 2.4.1 (/opt/ros/foxy/share/rclcpp/cmake)
[1.460s] -- Found rmw_implementation_cmake: 1.0.3 (/opt/ros/foxy/share/rmw_implementation_cmake/cmake)
[1.463s] -- Using RMW implementation 'rmw_fastrtps_cpp' as default
[1.464s] -- Looking for pthread.h
[1.550s] -- Looking for pthread.h - found
[1.550s] -- Performing Test CMAKE_HAVE_LIBC_PTHREAD
[1.637s] -- Performing Test CMAKE_HAVE_LIBC_PTHREAD - Failed
[1.638s] -- Looking for pthread_create in pthreads
[1.708s] -- Looking for pthread_create in pthreads - not found
[1.708s] -- Looking for pthread_create in pthread
[1.792s] -- Looking for pthread_create in pthread - found
[1.793s] -- Found Threads: TRUE  
[1.967s] -- Found sensor_msgs: 2.0.5 (/opt/ros/foxy/share/sensor_msgs/cmake)
[2.055s] -- Found std_srvs: 2.0.5 (/opt/ros/foxy/share/std_srvs/cmake)
[2.072s] -- Found tf2: 0.13.13 (/opt/ros/foxy/share/tf2/cmake)
[2.089s] -- Found tf2_ros: 0.13.13 (/opt/ros/foxy/share/tf2_ros/cmake)
[2.532s] -- Found turtlebot3_msgs: 2.2.2 (/home/ckwolfe/turtlebot3_ws/install/turtlebot3_msgs/share/turtlebot3_msgs/cmake)
[2.734s] -- Configuring done
[2.760s] -- Generating done
[2.762s] -- Build files have been written to: /home/ckwolfe/turtlebot3_ws/build/turtlebot3_node
