[0.070s] Invoking command in '/home/ckwolfe/turtlebot3_ws/build/turtlebot3_navigation2': CMAKE_PREFIX_PATH=${CMAKE_PREFIX_PATH}:/home/ckwolfe/Github/roar-indy-ws/install/roar_waypoint:/home/ckwolfe/Github/roar-indy-ws/install/roar_ground_plane_detector:/home/ckwolfe/Github/roar-indy-ws/install/roar_carla_ros2:/home/ckwolfe/Github/roar-indy-ws/install/deep_sort_ros2:/home/ckwolfe/Github/roar-indy-ws/install/cone_detector_ros2:/opt/ros/foxy /usr/bin/cmake --build /home/ckwolfe/turtlebot3_ws/build/turtlebot3_navigation2 -- -j16 -l16
[0.390s] Invoked command in '/home/ckwolfe/turtlebot3_ws/build/turtlebot3_navigation2' returned '0': CMAKE_PREFIX_PATH=${CMAKE_PREFIX_PATH}:/home/ckwolfe/Github/roar-indy-ws/install/roar_waypoint:/home/ckwolfe/Github/roar-indy-ws/install/roar_ground_plane_detector:/home/ckwolfe/Github/roar-indy-ws/install/roar_carla_ros2:/home/ckwolfe/Github/roar-indy-ws/install/deep_sort_ros2:/home/ckwolfe/Github/roar-indy-ws/install/cone_detector_ros2:/opt/ros/foxy /usr/bin/cmake --build /home/ckwolfe/turtlebot3_ws/build/turtlebot3_navigation2 -- -j16 -l16
[0.435s] Invoking command in '/home/ckwolfe/turtlebot3_ws/build/turtlebot3_navigation2': CMAKE_PREFIX_PATH=${CMAKE_PREFIX_PATH}:/home/ckwolfe/Github/roar-indy-ws/install/roar_waypoint:/home/ckwolfe/Github/roar-indy-ws/install/roar_ground_plane_detector:/home/ckwolfe/Github/roar-indy-ws/install/roar_carla_ros2:/home/ckwolfe/Github/roar-indy-ws/install/deep_sort_ros2:/home/ckwolfe/Github/roar-indy-ws/install/cone_detector_ros2:/opt/ros/foxy /usr/bin/cmake --install /home/ckwolfe/turtlebot3_ws/build/turtlebot3_navigation2
[0.456s] -- Install configuration: ""
[0.459s] -- Execute custom install script
[0.459s] -- Up-to-date symlink: /home/ckwolfe/turtlebot3_ws/install/turtlebot3_navigation2/share/turtlebot3_navigation2/launch/navigation2.launch.py
[0.460s] -- Up-to-date symlink: /home/ckwolfe/turtlebot3_ws/install/turtlebot3_navigation2/share/turtlebot3_navigation2/map/map.pgm
[0.460s] -- Up-to-date symlink: /home/ckwolfe/turtlebot3_ws/install/turtlebot3_navigation2/share/turtlebot3_navigation2/map/map.yaml
[0.460s] -- Up-to-date symlink: /home/ckwolfe/turtlebot3_ws/install/turtlebot3_navigation2/share/turtlebot3_navigation2/param/burger.yaml
[0.460s] -- Up-to-date symlink: /home/ckwolfe/turtlebot3_ws/install/turtlebot3_navigation2/share/turtlebot3_navigation2/param/waffle.yaml
[0.460s] -- Up-to-date symlink: /home/ckwolfe/turtlebot3_ws/install/turtlebot3_navigation2/share/turtlebot3_navigation2/param/waffle_pi.yaml
[0.460s] -- Up-to-date symlink: /home/ckwolfe/turtlebot3_ws/install/turtlebot3_navigation2/share/turtlebot3_navigation2/rviz/tb3_navigation2.rviz
[0.461s] -- Up-to-date symlink: /home/ckwolfe/turtlebot3_ws/install/turtlebot3_navigation2/share/ament_index/resource_index/package_run_dependencies/turtlebot3_navigation2
[0.461s] -- Up-to-date symlink: /home/ckwolfe/turtlebot3_ws/install/turtlebot3_navigation2/share/ament_index/resource_index/parent_prefix_path/turtlebot3_navigation2
[0.462s] -- Up-to-date symlink: /home/ckwolfe/turtlebot3_ws/install/turtlebot3_navigation2/share/turtlebot3_navigation2/environment/ament_prefix_path.sh
[0.462s] -- Up-to-date symlink: /home/ckwolfe/turtlebot3_ws/install/turtlebot3_navigation2/share/turtlebot3_navigation2/environment/ament_prefix_path.dsv
[0.462s] -- Up-to-date symlink: /home/ckwolfe/turtlebot3_ws/install/turtlebot3_navigation2/share/turtlebot3_navigation2/environment/path.sh
[0.462s] -- Up-to-date symlink: /home/ckwolfe/turtlebot3_ws/install/turtlebot3_navigation2/share/turtlebot3_navigation2/environment/path.dsv
[0.462s] -- Up-to-date symlink: /home/ckwolfe/turtlebot3_ws/install/turtlebot3_navigation2/share/turtlebot3_navigation2/local_setup.bash
[0.462s] -- Up-to-date symlink: /home/ckwolfe/turtlebot3_ws/install/turtlebot3_navigation2/share/turtlebot3_navigation2/local_setup.sh
[0.462s] -- Up-to-date symlink: /home/ckwolfe/turtlebot3_ws/install/turtlebot3_navigation2/share/turtlebot3_navigation2/local_setup.zsh
[0.462s] -- Up-to-date symlink: /home/ckwolfe/turtlebot3_ws/install/turtlebot3_navigation2/share/turtlebot3_navigation2/local_setup.dsv
[0.463s] -- Symlinking: /home/ckwolfe/turtlebot3_ws/install/turtlebot3_navigation2/share/turtlebot3_navigation2/package.dsv
[0.478s] -- Up-to-date symlink: /home/ckwolfe/turtlebot3_ws/install/turtlebot3_navigation2/share/ament_index/resource_index/packages/turtlebot3_navigation2
[0.478s] -- Up-to-date symlink: /home/ckwolfe/turtlebot3_ws/install/turtlebot3_navigation2/share/turtlebot3_navigation2/cmake/turtlebot3_navigation2Config.cmake
[0.478s] -- Up-to-date symlink: /home/ckwolfe/turtlebot3_ws/install/turtlebot3_navigation2/share/turtlebot3_navigation2/cmake/turtlebot3_navigation2Config-version.cmake
[0.478s] -- Up-to-date symlink: /home/ckwolfe/turtlebot3_ws/install/turtlebot3_navigation2/share/turtlebot3_navigation2/package.xml
[0.502s] Invoked command in '/home/ckwolfe/turtlebot3_ws/build/turtlebot3_navigation2' returned '0': CMAKE_PREFIX_PATH=${CMAKE_PREFIX_PATH}:/home/ckwolfe/Github/roar-indy-ws/install/roar_waypoint:/home/ckwolfe/Github/roar-indy-ws/install/roar_ground_plane_detector:/home/ckwolfe/Github/roar-indy-ws/install/roar_carla_ros2:/home/ckwolfe/Github/roar-indy-ws/install/deep_sort_ros2:/home/ckwolfe/Github/roar-indy-ws/install/cone_detector_ros2:/opt/ros/foxy /usr/bin/cmake --install /home/ckwolfe/turtlebot3_ws/build/turtlebot3_navigation2
