[0.974s] Invoking command in '/home/ckwolfe/turtlebot3_ws/build/turtlebot3_teleop': PYTHONPATH=/home/ckwolfe/turtlebot3_ws/install/turtlebot3_teleop/lib/python3.8/site-packages:${PYTHONPATH} /usr/bin/python3 setup.py develop --prefix /home/ckwolfe/turtlebot3_ws/install/turtlebot3_teleop --editable --build-directory /home/ckwolfe/turtlebot3_ws/build/turtlebot3_teleop/build --no-deps install_data --install-dir /home/ckwolfe/turtlebot3_ws/install/turtlebot3_teleop
[1.329s] running develop
[1.629s] running egg_info
[1.629s] creating turtlebot3_teleop.egg-info
[1.629s] writing turtlebot3_teleop.egg-info/PKG-INFO
[1.630s] writing dependency_links to turtlebot3_teleop.egg-info/dependency_links.txt
[1.630s] writing entry points to turtlebot3_teleop.egg-info/entry_points.txt
[1.630s] writing requirements to turtlebot3_teleop.egg-info/requires.txt
[1.630s] writing top-level names to turtlebot3_teleop.egg-info/top_level.txt
[1.634s] writing manifest file 'turtlebot3_teleop.egg-info/SOURCES.txt'
[1.702s] reading manifest file 'turtlebot3_teleop.egg-info/SOURCES.txt'
[1.703s] writing manifest file 'turtlebot3_teleop.egg-info/SOURCES.txt'
[1.772s] running build_ext
[1.772s] Creating /home/ckwolfe/turtlebot3_ws/install/turtlebot3_teleop/lib/python3.8/site-packages/site.py
[1.776s] Creating /home/ckwolfe/turtlebot3_ws/install/turtlebot3_teleop/lib/python3.8/site-packages/turtlebot3-teleop.egg-link (link to .)
[1.778s] Installing teleop_keyboard script to /home/ckwolfe/turtlebot3_ws/install/turtlebot3_teleop/lib/turtlebot3_teleop
[1.778s] 
[1.778s] Installed /home/ckwolfe/turtlebot3_ws/build/turtlebot3_teleop
[1.778s] running install_data
[1.778s] creating /home/ckwolfe/turtlebot3_ws/install/turtlebot3_teleop/share/ament_index
[1.779s] creating /home/ckwolfe/turtlebot3_ws/install/turtlebot3_teleop/share/ament_index/resource_index
[1.779s] creating /home/ckwolfe/turtlebot3_ws/install/turtlebot3_teleop/share/ament_index/resource_index/packages
[1.779s] copying resource/turtlebot3_teleop -> /home/ckwolfe/turtlebot3_ws/install/turtlebot3_teleop/share/ament_index/resource_index/packages
[1.779s] copying package.xml -> /home/ckwolfe/turtlebot3_ws/install/turtlebot3_teleop/share/turtlebot3_teleop
[1.817s] Invoked command in '/home/ckwolfe/turtlebot3_ws/build/turtlebot3_teleop' returned '0': PYTHONPATH=/home/ckwolfe/turtlebot3_ws/install/turtlebot3_teleop/lib/python3.8/site-packages:${PYTHONPATH} /usr/bin/python3 setup.py develop --prefix /home/ckwolfe/turtlebot3_ws/install/turtlebot3_teleop --editable --build-directory /home/ckwolfe/turtlebot3_ws/build/turtlebot3_teleop/build --no-deps install_data --install-dir /home/ckwolfe/turtlebot3_ws/install/turtlebot3_teleop
