[0.065s] Invoking command in '/home/ckwolfe/turtlebot3_ws/build/turtlebot3_gazebo': CMAKE_PREFIX_PATH=${CMAKE_PREFIX_PATH}:/home/ckwolfe/Github/roar-indy-ws/install/roar_waypoint:/home/ckwolfe/Github/roar-indy-ws/install/roar_ground_plane_detector:/home/ckwolfe/Github/roar-indy-ws/install/roar_carla_ros2:/home/ckwolfe/Github/roar-indy-ws/install/deep_sort_ros2:/home/ckwolfe/Github/roar-indy-ws/install/cone_detector_ros2:/opt/ros/foxy /usr/bin/cmake /home/ckwolfe/turtlebot3_ws/src/turtlebot3/turtlebot3_simulations/turtlebot3_gazebo -DAMENT_CMAKE_SYMLINK_INSTALL=1 -DCMAKE_INSTALL_PREFIX=/home/ckwolfe/turtlebot3_ws/install/turtlebot3_gazebo
[0.381s] -- The C compiler identification is GNU 9.4.0
[0.381s] -- The CXX compiler identification is GNU 9.4.0
[0.381s] -- Check for working C compiler: /usr/bin/cc
[0.381s] -- Check for working C compiler: /usr/bin/cc -- works
[0.381s] -- Detecting C compiler ABI info
[0.432s] -- Detecting C compiler ABI info - done
[0.447s] -- Detecting C compile features
[0.448s] -- Detecting C compile features - done
[0.453s] -- Check for working CXX compiler: /usr/bin/c++
[0.556s] -- Check for working CXX compiler: /usr/bin/c++ -- works
[0.558s] -- Detecting CXX compiler ABI info
[0.667s] -- Detecting CXX compiler ABI info - done
[0.681s] -- Detecting CXX compile features
[0.682s] -- Detecting CXX compile features - done
[0.685s] -- Found ament_cmake: 0.9.9 (/opt/ros/foxy/share/ament_cmake/cmake)
[0.726s] -- Found PythonInterp: /usr/bin/python3 (found suitable version "3.8.10", minimum required is "3") 
[0.726s] -- Using PYTHON_EXECUTABLE: /usr/bin/python3
[0.945s] -- Override CMake install command with custom implementation using symlinks instead of copying resources
[0.999s] -- Found PkgConfig: /usr/bin/pkg-config (found version "0.29.1") 
[1.005s] -- Checking for module 'bullet>=2.82'
[1.029s] --   Found bullet, version 2.88
[1.254s] -- Found ccd: /usr/include (found suitable version "2.0", minimum required is "2.0") 
[1.370s] -- Found fcl: /usr/include (found suitable version "0.5.0", minimum required is "0.3.2") 
[1.481s] -- Found assimp: /usr/include (found version "5.0.0") 
[1.546s] -- Found DART: /usr/include (Required is at least version "6.6") found components: dart 
[1.922s] -- Found Boost: /usr/lib/x86_64-linux-gnu/cmake/Boost-1.71.0/BoostConfig.cmake (found suitable version "1.71.0", minimum required is "1.40.0") found components: thread system filesystem program_options regex iostreams date_time 
[1.967s] -- Found Protobuf: /usr/lib/x86_64-linux-gnu/libprotobuf.so;-lpthread (found version "3.6.1") 
[1.978s] -- Looking for ignition-math6 -- found version 6.10.0
[1.994s] -- Searching for dependencies of ignition-math6
[1.998s] -- Looking for OGRE...
[1.999s] -- OGRE_PREFIX_WATCH changed.
[2.007s] -- Checking for module 'OGRE'
[2.031s] --   Found OGRE, version 1.9.0
[2.090s] -- Found Ogre Ghadamon (1.9.0)
[2.114s] -- Found OGRE: optimized;/usr/lib/x86_64-linux-gnu/libOgreMain.so;debug;/usr/lib/x86_64-linux-gnu/libOgreMain.so
[2.134s] -- Looking for OGRE_Paging...
[2.147s] -- Found OGRE_Paging: optimized;/usr/lib/x86_64-linux-gnu/libOgrePaging.so;debug;/usr/lib/x86_64-linux-gnu/libOgrePaging.so
[2.147s] -- Looking for OGRE_Terrain...
[2.158s] -- Found OGRE_Terrain: optimized;/usr/lib/x86_64-linux-gnu/libOgreTerrain.so;debug;/usr/lib/x86_64-linux-gnu/libOgreTerrain.so
[2.158s] -- Looking for OGRE_Property...
[2.169s] -- Found OGRE_Property: optimized;/usr/lib/x86_64-linux-gnu/libOgreProperty.so;debug;/usr/lib/x86_64-linux-gnu/libOgreProperty.so
[2.169s] -- Looking for OGRE_RTShaderSystem...
[2.180s] -- Found OGRE_RTShaderSystem: optimized;/usr/lib/x86_64-linux-gnu/libOgreRTShaderSystem.so;debug;/usr/lib/x86_64-linux-gnu/libOgreRTShaderSystem.so
[2.180s] -- Looking for OGRE_Volume...
[2.191s] -- Found OGRE_Volume: optimized;/usr/lib/x86_64-linux-gnu/libOgreVolume.so;debug;/usr/lib/x86_64-linux-gnu/libOgreVolume.so
[2.191s] -- Looking for OGRE_Overlay...
[2.202s] -- Found OGRE_Overlay: optimized;/usr/lib/x86_64-linux-gnu/libOgreOverlay.so;debug;/usr/lib/x86_64-linux-gnu/libOgreOverlay.so
[2.428s] -- Looking for ignition-math6 -- found version 6.10.0
[2.432s] -- Looking for ignition-transport8 -- found version 8.2.1
[2.433s] -- Searching for dependencies of ignition-transport8
[2.458s] -- Found Protobuf: /usr/lib/x86_64-linux-gnu/libprotobuf.so;-lpthread (found suitable version "3.6.1", minimum required is "3") 
[2.474s] -- Config-file not installed for ZeroMQ -- checking for pkg-config
[2.480s] -- Checking for module 'libzmq >= 4'
[2.502s] --   Found libzmq , version 4.3.2
[2.558s] -- Found ZeroMQ: TRUE (Required is at least version "4") 
[2.564s] -- Checking for module 'uuid'
[2.585s] --   Found uuid, version 2.34.0
[2.638s] -- Found UUID: TRUE  
[2.642s] -- Looking for ignition-msgs5 -- found version 5.9.0
[2.643s] -- Searching for dependencies of ignition-msgs5
[2.669s] -- Looking for ignition-math6 -- found version 6.10.0
[2.675s] -- Checking for module 'tinyxml2'
[2.695s] --   Found tinyxml2, version 6.2.0
[2.755s] -- Looking for ignition-msgs5 -- found version 5.9.0
[2.758s] -- Looking for ignition-common3 -- found version 3.14.0
[2.759s] -- Searching for dependencies of ignition-common3
[2.760s] -- Looking for dlfcn.h - found
[2.761s] -- Looking for libdl - found
[2.764s] -- Found DL: TRUE  
[2.776s] -- Searching for <ignition-common3> component [graphics]
[2.780s] -- Looking for ignition-common3-graphics -- found version 3.14.0
[2.781s] -- Searching for dependencies of ignition-common3-graphics
[2.781s] -- Looking for ignition-math6 -- found version 6.10.0
[2.787s] -- Looking for ignition-fuel_tools4 -- found version 4.4.0
[2.787s] -- Searching for dependencies of ignition-fuel_tools4
[2.909s] -- Found CURL: /usr/lib/x86_64-linux-gnu/libcurl.so (found version "7.68.0")  
[2.923s] -- Checking for module 'jsoncpp'
[2.946s] --   Found jsoncpp, version 1.7.4
[2.995s] -- Found JSONCPP: TRUE  
[3.004s] -- Checking for module 'libzip'
[3.024s] --   Found libzip, version 1.5.1
[3.079s] -- Found ZIP: TRUE  
[3.080s] -- Looking for ignition-common3 -- found version 3.14.0
[3.080s] -- Looking for ignition-math6 -- found version 6.10.0
[3.081s] -- Looking for ignition-msgs5 -- found version 5.9.0
[3.088s] -- Found gazebo_ros_pkgs: 3.5.3 (/opt/ros/foxy/share/gazebo_ros_pkgs/cmake)
[3.093s] -- Found geometry_msgs: 2.0.5 (/opt/ros/foxy/share/geometry_msgs/cmake)
[3.156s] -- Using all available rosidl_typesupport_c: rosidl_typesupport_fastrtps_c;rosidl_typesupport_introspection_c
[3.167s] -- Found rosidl_adapter: 1.2.1 (/opt/ros/foxy/share/rosidl_adapter/cmake)
[3.321s] -- Found OpenSSL: /usr/lib/x86_64-linux-gnu/libcrypto.so (found version "1.1.1f")  
[3.383s] -- Found FastRTPS: /opt/ros/foxy/include  
[3.564s] -- Using all available rosidl_typesupport_cpp: rosidl_typesupport_fastrtps_cpp;rosidl_typesupport_introspection_cpp
[3.675s] -- Found nav_msgs: 2.0.5 (/opt/ros/foxy/share/nav_msgs/cmake)
[3.766s] -- Found rclcpp: 2.4.1 (/opt/ros/foxy/share/rclcpp/cmake)
[3.825s] -- Found rmw_implementation_cmake: 1.0.3 (/opt/ros/foxy/share/rmw_implementation_cmake/cmake)
[3.828s] -- Using RMW implementation 'rmw_fastrtps_cpp' as default
[3.830s] -- Found Threads: TRUE  
[4.002s] -- Found sensor_msgs: 2.0.5 (/opt/ros/foxy/share/sensor_msgs/cmake)
[4.135s] -- Found tf2: 0.13.13 (/opt/ros/foxy/share/tf2/cmake)
[4.250s] -- Configuring done
[4.328s] -- Generating done
[4.333s] -- Build files have been written to: /home/ckwolfe/turtlebot3_ws/build/turtlebot3_gazebo
[4.356s] Invoked command in '/home/ckwolfe/turtlebot3_ws/build/turtlebot3_gazebo' returned '0': CMAKE_PREFIX_PATH=${CMAKE_PREFIX_PATH}:/home/ckwolfe/Github/roar-indy-ws/install/roar_waypoint:/home/ckwolfe/Github/roar-indy-ws/install/roar_ground_plane_detector:/home/ckwolfe/Github/roar-indy-ws/install/roar_carla_ros2:/home/ckwolfe/Github/roar-indy-ws/install/deep_sort_ros2:/home/ckwolfe/Github/roar-indy-ws/install/cone_detector_ros2:/opt/ros/foxy /usr/bin/cmake /home/ckwolfe/turtlebot3_ws/src/turtlebot3/turtlebot3_simulations/turtlebot3_gazebo -DAMENT_CMAKE_SYMLINK_INSTALL=1 -DCMAKE_INSTALL_PREFIX=/home/ckwolfe/turtlebot3_ws/install/turtlebot3_gazebo
[4.358s] Invoking command in '/home/ckwolfe/turtlebot3_ws/build/turtlebot3_gazebo': CMAKE_PREFIX_PATH=${CMAKE_PREFIX_PATH}:/home/ckwolfe/Github/roar-indy-ws/install/roar_waypoint:/home/ckwolfe/Github/roar-indy-ws/install/roar_ground_plane_detector:/home/ckwolfe/Github/roar-indy-ws/install/roar_carla_ros2:/home/ckwolfe/Github/roar-indy-ws/install/deep_sort_ros2:/home/ckwolfe/Github/roar-indy-ws/install/cone_detector_ros2:/opt/ros/foxy /usr/bin/cmake --build /home/ckwolfe/turtlebot3_ws/build/turtlebot3_gazebo -- -j16 -l16
[4.436s] [35m[1mScanning dependencies of target obstacles[0m
[4.436s] [35m[1mScanning dependencies of target turtlebot3_drive[0m
[4.436s] [35m[1mScanning dependencies of target obstacle2[0m
[4.436s] [35m[1mScanning dependencies of target obstacle1[0m
[4.531s] [ 12%] [32mBuilding CXX object CMakeFiles/turtlebot3_drive.dir/src/turtlebot3_drive.cpp.o[0m
[4.709s] [ 25%] [32mBuilding CXX object CMakeFiles/obstacle2.dir/models/turtlebot3_dqn_world/obstacle_plugin/obstacle2.cc.o[0m
[4.709s] [ 50%] [32mBuilding CXX object CMakeFiles/obstacle1.dir/models/turtlebot3_dqn_world/obstacle_plugin/obstacle1.cc.o[0m
[4.710s] [ 50%] [32mBuilding CXX object CMakeFiles/obstacles.dir/models/turtlebot3_dqn_world/obstacle_plugin/obstacles.cc.o[0m
[13.384s] [ 62%] [32m[1mLinking CXX executable turtlebot3_drive[0m
[13.772s] [ 62%] Built target turtlebot3_drive
[16.244s] [ 75%] [32m[1mLinking CXX shared library libobstacle2.so[0m
[16.245s] [ 87%] [32m[1mLinking CXX shared library libobstacle1.so[0m
[16.398s] [100%] [32m[1mLinking CXX shared library libobstacles.so[0m
[16.671s] [100%] Built target obstacle2
[16.672s] [100%] Built target obstacle1
[16.719s] [100%] Built target obstacles
