[0.310s] Invoking command in '/home/ckwolfe/turtlebot3_ws/build/turtlebot3_fake_node': AMENT_PREFIX_PATH=/home/ckwolfe/turtlebot3_ws/install/turtlebot3_msgs:${AMENT_PREFIX_PATH} CMAKE_PREFIX_PATH=/home/ckwolfe/turtlebot3_ws/install/turtlebot3_msgs:/home/ckwolfe/Github/roar-indy-ws/install/zed_components:/home/ckwolfe/Github/roar-indy-ws/install/zed_interfaces:/home/ckwolfe/Github/roar-indy-ws/install/livox_ros2_driver:/home/ckwolfe/Github/roar-indy-ws/install/livox_sdk_vendor:/home/ckwolfe/Github/roar-indy-ws/install/livox_interfaces:/home/ckwolfe/Github/roar-indy-ws/install/indy_bot_urdf:/home/ckwolfe/Github/roar-indy-ws/install/image_common:/home/ckwolfe/Github/roar-indy-ws/install/image_transport:/home/ckwolfe/Github/roar-indy-ws/install/camera_info_manager:/home/ckwolfe/Github/roar-indy-ws/install/camera_calibration_parsers:/home/ckwolfe/Github/roar-indy-ws/install/roar_waypoint:/home/ckwolfe/Github/roar-indy-ws/install/roar_ground_plane_detector:/home/ckwolfe/Github/roar-indy-ws/install/roar_carla_ros2:/home/ckwolfe/Github/roar-indy-ws/install/deep_sort_ros2:/home/ckwolfe/Github/roar-indy-ws/install/cone_detector_ros2:/opt/ros/foxy LD_LIBRARY_PATH=/home/ckwolfe/turtlebot3_ws/install/turtlebot3_msgs/lib:${LD_LIBRARY_PATH} PYTHONPATH=/home/ckwolfe/turtlebot3_ws/install/turtlebot3_msgs/lib/python3.8/site-packages:${PYTHONPATH} /usr/bin/cmake /home/ckwolfe/turtlebot3_ws/src/turtlebot3/turtlebot3_simulations/turtlebot3_fake_node -DAMENT_CMAKE_SYMLINK_INSTALL=1 -DCMAKE_INSTALL_PREFIX=/home/ckwolfe/turtlebot3_ws/install/turtlebot3_fake_node
[0.368s] -- The C compiler identification is GNU 9.4.0
[0.432s] -- The CXX compiler identification is GNU 9.4.0
[0.439s] -- Check for working C compiler: /usr/bin/cc
[0.519s] -- Check for working C compiler: /usr/bin/cc -- works
[0.520s] -- Detecting C compiler ABI info
[0.602s] -- Detecting C compiler ABI info - done
[0.617s] -- Detecting C compile features
[0.617s] -- Detecting C compile features - done
[0.620s] -- Check for working CXX compiler: /usr/bin/c++
[0.713s] -- Check for working CXX compiler: /usr/bin/c++ -- works
[0.714s] -- Detecting CXX compiler ABI info
[0.808s] -- Detecting CXX compiler ABI info - done
[0.822s] -- Detecting CXX compile features
[0.823s] -- Detecting CXX compile features - done
[0.826s] -- Found ament_cmake: 0.9.9 (/opt/ros/foxy/share/ament_cmake/cmake)
[0.870s] -- Found PythonInterp: /usr/bin/python3 (found suitable version "3.8.10", minimum required is "3") 
[0.870s] -- Using PYTHON_EXECUTABLE: /usr/bin/python3
[1.093s] -- Override CMake install command with custom implementation using symlinks instead of copying resources
[1.135s] -- Found geometry_msgs: 2.0.5 (/opt/ros/foxy/share/geometry_msgs/cmake)
[1.185s] -- Using all available rosidl_typesupport_c: rosidl_typesupport_fastrtps_c;rosidl_typesupport_introspection_c
[1.196s] -- Found rosidl_adapter: 1.2.1 (/opt/ros/foxy/share/rosidl_adapter/cmake)
[1.308s] -- Found OpenSSL: /usr/lib/x86_64-linux-gnu/libcrypto.so (found version "1.1.1f")  
[1.352s] -- Found FastRTPS: /opt/ros/foxy/include  
[1.460s] -- Using all available rosidl_typesupport_cpp: rosidl_typesupport_fastrtps_cpp;rosidl_typesupport_introspection_cpp
[1.564s] -- Found nav_msgs: 2.0.5 (/opt/ros/foxy/share/nav_msgs/cmake)
[1.650s] -- Found rclcpp: 2.4.1 (/opt/ros/foxy/share/rclcpp/cmake)
[1.711s] -- Found rmw_implementation_cmake: 1.0.3 (/opt/ros/foxy/share/rmw_implementation_cmake/cmake)
[1.714s] -- Using RMW implementation 'rmw_fastrtps_cpp' as default
[1.714s] -- Looking for pthread.h
[1.800s] -- Looking for pthread.h - found
[1.801s] -- Performing Test CMAKE_HAVE_LIBC_PTHREAD
[1.888s] -- Performing Test CMAKE_HAVE_LIBC_PTHREAD - Failed
[1.889s] -- Looking for pthread_create in pthreads
[1.959s] -- Looking for pthread_create in pthreads - not found
[1.960s] -- Looking for pthread_create in pthread
[2.042s] -- Looking for pthread_create in pthread - found
[2.044s] -- Found Threads: TRUE  
[2.216s] -- Found sensor_msgs: 2.0.5 (/opt/ros/foxy/share/sensor_msgs/cmake)
[2.302s] -- Found tf2: 0.13.13 (/opt/ros/foxy/share/tf2/cmake)
[2.317s] -- Found tf2_msgs: 0.13.13 (/opt/ros/foxy/share/tf2_msgs/cmake)
[2.567s] -- Found turtlebot3_msgs: 2.2.2 (/home/ckwolfe/turtlebot3_ws/install/turtlebot3_msgs/share/turtlebot3_msgs/cmake)
[2.765s] -- Configuring done
[2.779s] -- Generating done
[2.780s] -- Build files have been written to: /home/ckwolfe/turtlebot3_ws/build/turtlebot3_fake_node
