[0.077s] Invoking command in '/home/ckwolfe/turtlebot3_ws/build/turtlebot3_description': CMAKE_PREFIX_PATH=${CMAKE_PREFIX_PATH}:/home/ckwolfe/Github/roar-indy-ws/install/roar_waypoint:/home/ckwolfe/Github/roar-indy-ws/install/roar_ground_plane_detector:/home/ckwolfe/Github/roar-indy-ws/install/roar_carla_ros2:/home/ckwolfe/Github/roar-indy-ws/install/deep_sort_ros2:/home/ckwolfe/Github/roar-indy-ws/install/cone_detector_ros2:/opt/ros/foxy /usr/bin/cmake /home/ckwolfe/turtlebot3_ws/src/turtlebot3/turtlebot3/turtlebot3_description -DAMENT_CMAKE_SYMLINK_INSTALL=1 -DCMAKE_INSTALL_PREFIX=/home/ckwolfe/turtlebot3_ws/install/turtlebot3_description
[0.402s] -- The C compiler identification is GNU 9.4.0
[0.402s] -- The CXX compiler identification is GNU 9.4.0
[0.402s] -- Check for working C compiler: /usr/bin/cc
[0.402s] -- Check for working C compiler: /usr/bin/cc -- works
[0.402s] -- Detecting C compiler ABI info
[0.470s] -- Detecting C compiler ABI info - done
[0.494s] -- Detecting C compile features
[0.495s] -- Detecting C compile features - done
[0.498s] -- Check for working CXX compiler: /usr/bin/c++
[0.588s] -- Check for working CXX compiler: /usr/bin/c++ -- works
[0.590s] -- Detecting CXX compiler ABI info
[0.685s] -- Detecting CXX compiler ABI info - done
[0.699s] -- Detecting CXX compile features
[0.700s] -- Detecting CXX compile features - done
[0.703s] -- Found ament_cmake: 0.9.9 (/opt/ros/foxy/share/ament_cmake/cmake)
[0.745s] -- Found PythonInterp: /usr/bin/python3 (found suitable version "3.8.10", minimum required is "3") 
[0.745s] -- Using PYTHON_EXECUTABLE: /usr/bin/python3
[0.965s] -- Override CMake install command with custom implementation using symlinks instead of copying resources
[1.020s] -- Found urdf: 2.4.0 (/opt/ros/foxy/share/urdf/cmake)
[1.188s] -- Configuring done
[1.192s] -- Generating done
[1.194s] -- Build files have been written to: /home/ckwolfe/turtlebot3_ws/build/turtlebot3_description
[1.217s] Invoked command in '/home/ckwolfe/turtlebot3_ws/build/turtlebot3_description' returned '0': CMAKE_PREFIX_PATH=${CMAKE_PREFIX_PATH}:/home/ckwolfe/Github/roar-indy-ws/install/roar_waypoint:/home/ckwolfe/Github/roar-indy-ws/install/roar_ground_plane_detector:/home/ckwolfe/Github/roar-indy-ws/install/roar_carla_ros2:/home/ckwolfe/Github/roar-indy-ws/install/deep_sort_ros2:/home/ckwolfe/Github/roar-indy-ws/install/cone_detector_ros2:/opt/ros/foxy /usr/bin/cmake /home/ckwolfe/turtlebot3_ws/src/turtlebot3/turtlebot3/turtlebot3_description -DAMENT_CMAKE_SYMLINK_INSTALL=1 -DCMAKE_INSTALL_PREFIX=/home/ckwolfe/turtlebot3_ws/install/turtlebot3_description
[1.222s] Invoking command in '/home/ckwolfe/turtlebot3_ws/build/turtlebot3_description': CMAKE_PREFIX_PATH=${CMAKE_PREFIX_PATH}:/home/ckwolfe/Github/roar-indy-ws/install/roar_waypoint:/home/ckwolfe/Github/roar-indy-ws/install/roar_ground_plane_detector:/home/ckwolfe/Github/roar-indy-ws/install/roar_carla_ros2:/home/ckwolfe/Github/roar-indy-ws/install/deep_sort_ros2:/home/ckwolfe/Github/roar-indy-ws/install/cone_detector_ros2:/opt/ros/foxy /usr/bin/cmake --build /home/ckwolfe/turtlebot3_ws/build/turtlebot3_description -- -j16 -l16
[1.287s] Invoked command in '/home/ckwolfe/turtlebot3_ws/build/turtlebot3_description' returned '0': CMAKE_PREFIX_PATH=${CMAKE_PREFIX_PATH}:/home/ckwolfe/Github/roar-indy-ws/install/roar_waypoint:/home/ckwolfe/Github/roar-indy-ws/install/roar_ground_plane_detector:/home/ckwolfe/Github/roar-indy-ws/install/roar_carla_ros2:/home/ckwolfe/Github/roar-indy-ws/install/deep_sort_ros2:/home/ckwolfe/Github/roar-indy-ws/install/cone_detector_ros2:/opt/ros/foxy /usr/bin/cmake --build /home/ckwolfe/turtlebot3_ws/build/turtlebot3_description -- -j16 -l16
[1.330s] Invoking command in '/home/ckwolfe/turtlebot3_ws/build/turtlebot3_description': CMAKE_PREFIX_PATH=${CMAKE_PREFIX_PATH}:/home/ckwolfe/Github/roar-indy-ws/install/roar_waypoint:/home/ckwolfe/Github/roar-indy-ws/install/roar_ground_plane_detector:/home/ckwolfe/Github/roar-indy-ws/install/roar_carla_ros2:/home/ckwolfe/Github/roar-indy-ws/install/deep_sort_ros2:/home/ckwolfe/Github/roar-indy-ws/install/cone_detector_ros2:/opt/ros/foxy /usr/bin/cmake --install /home/ckwolfe/turtlebot3_ws/build/turtlebot3_description
[1.344s] -- Install configuration: ""
[1.345s] -- Execute custom install script
[1.346s] -- Symlinking: /home/ckwolfe/turtlebot3_ws/install/turtlebot3_description/share/turtlebot3_description/meshes/bases/burger_base.stl
[1.361s] -- Symlinking: /home/ckwolfe/turtlebot3_ws/install/turtlebot3_description/share/turtlebot3_description/meshes/bases/waffle_base.stl
[1.376s] -- Symlinking: /home/ckwolfe/turtlebot3_ws/install/turtlebot3_description/share/turtlebot3_description/meshes/bases/waffle_pi_base.stl
[1.392s] -- Symlinking: /home/ckwolfe/turtlebot3_ws/install/turtlebot3_description/share/turtlebot3_description/meshes/sensors/astra.dae
[1.406s] -- Symlinking: /home/ckwolfe/turtlebot3_ws/install/turtlebot3_description/share/turtlebot3_description/meshes/sensors/astra.jpg
[1.419s] -- Symlinking: /home/ckwolfe/turtlebot3_ws/install/turtlebot3_description/share/turtlebot3_description/meshes/sensors/lds.stl
[1.434s] -- Symlinking: /home/ckwolfe/turtlebot3_ws/install/turtlebot3_description/share/turtlebot3_description/meshes/sensors/r200.dae
[1.448s] -- Symlinking: /home/ckwolfe/turtlebot3_ws/install/turtlebot3_description/share/turtlebot3_description/meshes/sensors/r200.jpg
[1.462s] -- Symlinking: /home/ckwolfe/turtlebot3_ws/install/turtlebot3_description/share/turtlebot3_description/meshes/wheels/left_tire.stl
[1.475s] -- Symlinking: /home/ckwolfe/turtlebot3_ws/install/turtlebot3_description/share/turtlebot3_description/meshes/wheels/right_tire.stl
[1.490s] -- Symlinking: /home/ckwolfe/turtlebot3_ws/install/turtlebot3_description/share/turtlebot3_description/rviz/model.rviz
[1.505s] -- Symlinking: /home/ckwolfe/turtlebot3_ws/install/turtlebot3_description/share/turtlebot3_description/urdf/common_properties.urdf
[1.517s] -- Symlinking: /home/ckwolfe/turtlebot3_ws/install/turtlebot3_description/share/turtlebot3_description/urdf/turtlebot3_burger.urdf
[1.531s] -- Symlinking: /home/ckwolfe/turtlebot3_ws/install/turtlebot3_description/share/turtlebot3_description/urdf/turtlebot3_waffle.urdf
[1.544s] -- Symlinking: /home/ckwolfe/turtlebot3_ws/install/turtlebot3_description/share/turtlebot3_description/urdf/turtlebot3_waffle_pi.urdf
[1.555s] -- Symlinking: /home/ckwolfe/turtlebot3_ws/install/turtlebot3_description/share/ament_index/resource_index/package_run_dependencies/turtlebot3_description
[1.567s] -- Symlinking: /home/ckwolfe/turtlebot3_ws/install/turtlebot3_description/share/ament_index/resource_index/parent_prefix_path/turtlebot3_description
[1.581s] -- Symlinking: /home/ckwolfe/turtlebot3_ws/install/turtlebot3_description/share/turtlebot3_description/environment/ament_prefix_path.sh
[1.597s] -- Symlinking: /home/ckwolfe/turtlebot3_ws/install/turtlebot3_description/share/turtlebot3_description/environment/ament_prefix_path.dsv
[1.609s] -- Symlinking: /home/ckwolfe/turtlebot3_ws/install/turtlebot3_description/share/turtlebot3_description/environment/path.sh
[1.620s] -- Symlinking: /home/ckwolfe/turtlebot3_ws/install/turtlebot3_description/share/turtlebot3_description/environment/path.dsv
[1.631s] -- Symlinking: /home/ckwolfe/turtlebot3_ws/install/turtlebot3_description/share/turtlebot3_description/local_setup.bash
[1.642s] -- Symlinking: /home/ckwolfe/turtlebot3_ws/install/turtlebot3_description/share/turtlebot3_description/local_setup.sh
[1.653s] -- Symlinking: /home/ckwolfe/turtlebot3_ws/install/turtlebot3_description/share/turtlebot3_description/local_setup.zsh
[1.663s] -- Symlinking: /home/ckwolfe/turtlebot3_ws/install/turtlebot3_description/share/turtlebot3_description/local_setup.dsv
[1.674s] -- Symlinking: /home/ckwolfe/turtlebot3_ws/install/turtlebot3_description/share/turtlebot3_description/package.dsv
[1.686s] -- Symlinking: /home/ckwolfe/turtlebot3_ws/install/turtlebot3_description/share/ament_index/resource_index/packages/turtlebot3_description
[1.696s] -- Symlinking: /home/ckwolfe/turtlebot3_ws/install/turtlebot3_description/share/turtlebot3_description/cmake/turtlebot3_descriptionConfig.cmake
[1.707s] -- Symlinking: /home/ckwolfe/turtlebot3_ws/install/turtlebot3_description/share/turtlebot3_description/cmake/turtlebot3_descriptionConfig-version.cmake
[1.718s] -- Symlinking: /home/ckwolfe/turtlebot3_ws/install/turtlebot3_description/share/turtlebot3_description/package.xml
[1.732s] Invoked command in '/home/ckwolfe/turtlebot3_ws/build/turtlebot3_description' returned '0': CMAKE_PREFIX_PATH=${CMAKE_PREFIX_PATH}:/home/ckwolfe/Github/roar-indy-ws/install/roar_waypoint:/home/ckwolfe/Github/roar-indy-ws/install/roar_ground_plane_detector:/home/ckwolfe/Github/roar-indy-ws/install/roar_carla_ros2:/home/ckwolfe/Github/roar-indy-ws/install/deep_sort_ros2:/home/ckwolfe/Github/roar-indy-ws/install/cone_detector_ros2:/opt/ros/foxy /usr/bin/cmake --install /home/ckwolfe/turtlebot3_ws/build/turtlebot3_description
