[0.024s] Invoking command in '/home/ckwolfe/turtlebot3_ws/build/dynamixel_sdk_examples': AMENT_PREFIX_PATH=/home/ckwolfe/turtlebot3_ws/install/dynamixel_sdk_custom_interfaces:/home/ckwolfe/turtlebot3_ws/install/dynamixel_sdk:${AMENT_PREFIX_PATH} CMAKE_PREFIX_PATH=/home/ckwolfe/turtlebot3_ws/install/dynamixel_sdk_custom_interfaces:/home/ckwolfe/turtlebot3_ws/install/dynamixel_sdk:/home/ckwolfe/Github/roar-indy-ws/install/zed_components:/home/ckwolfe/Github/roar-indy-ws/install/zed_interfaces:/home/ckwolfe/Github/roar-indy-ws/install/livox_ros2_driver:/home/ckwolfe/Github/roar-indy-ws/install/livox_sdk_vendor:/home/ckwolfe/Github/roar-indy-ws/install/livox_interfaces:/home/ckwolfe/Github/roar-indy-ws/install/indy_bot_urdf:/home/ckwolfe/Github/roar-indy-ws/install/image_common:/home/ckwolfe/Github/roar-indy-ws/install/image_transport:/home/ckwolfe/Github/roar-indy-ws/install/camera_info_manager:/home/ckwolfe/Github/roar-indy-ws/install/camera_calibration_parsers:/home/ckwolfe/Github/roar-indy-ws/install/roar_waypoint:/home/ckwolfe/Github/roar-indy-ws/install/roar_ground_plane_detector:/home/ckwolfe/Github/roar-indy-ws/install/roar_carla_ros2:/home/ckwolfe/Github/roar-indy-ws/install/deep_sort_ros2:/home/ckwolfe/Github/roar-indy-ws/install/cone_detector_ros2:/opt/ros/foxy LD_LIBRARY_PATH=/home/ckwolfe/turtlebot3_ws/install/dynamixel_sdk_custom_interfaces/lib:/home/ckwolfe/turtlebot3_ws/install/dynamixel_sdk/lib:${LD_LIBRARY_PATH} PYTHONPATH=/home/ckwolfe/turtlebot3_ws/install/dynamixel_sdk_custom_interfaces/lib/python3.8/site-packages:${PYTHONPATH} /usr/bin/cmake /home/ckwolfe/turtlebot3_ws/src/utils/DynamixelSDK/dynamixel_sdk_examples -DAMENT_CMAKE_SYMLINK_INSTALL=1 -DCMAKE_INSTALL_PREFIX=/home/ckwolfe/turtlebot3_ws/install/dynamixel_sdk_examples
[0.089s] -- The C compiler identification is GNU 9.4.0
[0.155s] -- The CXX compiler identification is GNU 9.4.0
[0.161s] -- Check for working C compiler: /usr/bin/cc
[0.242s] -- Check for working C compiler: /usr/bin/cc -- works
[0.243s] -- Detecting C compiler ABI info
[0.325s] -- Detecting C compiler ABI info - done
[0.340s] -- Detecting C compile features
[0.340s] -- Detecting C compile features - done
[0.343s] -- Check for working CXX compiler: /usr/bin/c++
[0.437s] -- Check for working CXX compiler: /usr/bin/c++ -- works
[0.438s] -- Detecting CXX compiler ABI info
[0.533s] -- Detecting CXX compiler ABI info - done
[0.546s] -- Detecting CXX compile features
[0.546s] -- Detecting CXX compile features - done
[0.550s] -- Found ament_cmake: 0.9.9 (/opt/ros/foxy/share/ament_cmake/cmake)
[0.594s] -- Found PythonInterp: /usr/bin/python3 (found suitable version "3.8.10", minimum required is "3") 
[0.594s] -- Using PYTHON_EXECUTABLE: /usr/bin/python3
[0.820s] -- Override CMake install command with custom implementation using symlinks instead of copying resources
[0.864s] -- Found dynamixel_sdk: 3.7.40 (/home/ckwolfe/turtlebot3_ws/install/dynamixel_sdk/share/dynamixel_sdk/cmake)
[0.866s] -- Found dynamixel_sdk_custom_interfaces: 3.7.40 (/home/ckwolfe/turtlebot3_ws/install/dynamixel_sdk_custom_interfaces/share/dynamixel_sdk_custom_interfaces/cmake)
[0.913s] -- Using all available rosidl_typesupport_c: rosidl_typesupport_fastrtps_c;rosidl_typesupport_introspection_c
[0.925s] -- Found rosidl_adapter: 1.2.1 (/opt/ros/foxy/share/rosidl_adapter/cmake)
[1.037s] -- Found OpenSSL: /usr/lib/x86_64-linux-gnu/libcrypto.so (found version "1.1.1f")  
[1.080s] -- Found FastRTPS: /opt/ros/foxy/include  
[1.188s] -- Using all available rosidl_typesupport_cpp: rosidl_typesupport_fastrtps_cpp;rosidl_typesupport_introspection_cpp
[1.247s] -- Found rclcpp: 2.4.1 (/opt/ros/foxy/share/rclcpp/cmake)
[1.313s] -- Found rmw_implementation_cmake: 1.0.3 (/opt/ros/foxy/share/rmw_implementation_cmake/cmake)
[1.317s] -- Using RMW implementation 'rmw_fastrtps_cpp' as default
[1.319s] -- Looking for pthread.h
[1.408s] -- Looking for pthread.h - found
[1.408s] -- Performing Test CMAKE_HAVE_LIBC_PTHREAD
[1.498s] -- Performing Test CMAKE_HAVE_LIBC_PTHREAD - Failed
[1.498s] -- Looking for pthread_create in pthreads
[1.572s] -- Looking for pthread_create in pthreads - not found
[1.573s] -- Looking for pthread_create in pthread
[1.655s] -- Looking for pthread_create in pthread - found
[1.656s] -- Found Threads: TRUE  
[1.850s] -- Found ament_lint_auto: 0.9.6 (/opt/ros/foxy/share/ament_lint_auto/cmake)
[1.966s] -- Added test 'copyright' to check source files copyright and LICENSE
[1.968s] -- Added test 'cppcheck' to perform static code analysis on C / C++ code
[1.968s] -- Configured cppcheck include dirs: /home/ckwolfe/turtlebot3_ws/src/utils/DynamixelSDK/dynamixel_sdk_examples/include
[1.968s] -- Configured cppcheck exclude dirs and/or files: 
[1.969s] -- Added test 'cpplint' to check C / C++ code against the Google style
[1.969s] -- Configured cpplint exclude dirs and/or files: 
[1.971s] -- Added test 'lint_cmake' to check CMake code style
[1.973s] -- Added test 'uncrustify' to check C / C++ code style
[1.973s] -- Configured uncrustify additional arguments: 
[1.974s] -- Added test 'xmllint' to check XML markup files
[1.978s] -- Configuring done
[1.992s] -- Generating done
[1.994s] -- Build files have been written to: /home/ckwolfe/turtlebot3_ws/build/dynamixel_sdk_examples
[2.007s] Invoked command in '/home/ckwolfe/turtlebot3_ws/build/dynamixel_sdk_examples' returned '0': AMENT_PREFIX_PATH=/home/ckwolfe/turtlebot3_ws/install/dynamixel_sdk_custom_interfaces:/home/ckwolfe/turtlebot3_ws/install/dynamixel_sdk:${AMENT_PREFIX_PATH} CMAKE_PREFIX_PATH=/home/ckwolfe/turtlebot3_ws/install/dynamixel_sdk_custom_interfaces:/home/ckwolfe/turtlebot3_ws/install/dynamixel_sdk:/home/ckwolfe/Github/roar-indy-ws/install/zed_components:/home/ckwolfe/Github/roar-indy-ws/install/zed_interfaces:/home/ckwolfe/Github/roar-indy-ws/install/livox_ros2_driver:/home/ckwolfe/Github/roar-indy-ws/install/livox_sdk_vendor:/home/ckwolfe/Github/roar-indy-ws/install/livox_interfaces:/home/ckwolfe/Github/roar-indy-ws/install/indy_bot_urdf:/home/ckwolfe/Github/roar-indy-ws/install/image_common:/home/ckwolfe/Github/roar-indy-ws/install/image_transport:/home/ckwolfe/Github/roar-indy-ws/install/camera_info_manager:/home/ckwolfe/Github/roar-indy-ws/install/camera_calibration_parsers:/home/ckwolfe/Github/roar-indy-ws/install/roar_waypoint:/home/ckwolfe/Github/roar-indy-ws/install/roar_ground_plane_detector:/home/ckwolfe/Github/roar-indy-ws/install/roar_carla_ros2:/home/ckwolfe/Github/roar-indy-ws/install/deep_sort_ros2:/home/ckwolfe/Github/roar-indy-ws/install/cone_detector_ros2:/opt/ros/foxy LD_LIBRARY_PATH=/home/ckwolfe/turtlebot3_ws/install/dynamixel_sdk_custom_interfaces/lib:/home/ckwolfe/turtlebot3_ws/install/dynamixel_sdk/lib:${LD_LIBRARY_PATH} PYTHONPATH=/home/ckwolfe/turtlebot3_ws/install/dynamixel_sdk_custom_interfaces/lib/python3.8/site-packages:${PYTHONPATH} /usr/bin/cmake /home/ckwolfe/turtlebot3_ws/src/utils/DynamixelSDK/dynamixel_sdk_examples -DAMENT_CMAKE_SYMLINK_INSTALL=1 -DCMAKE_INSTALL_PREFIX=/home/ckwolfe/turtlebot3_ws/install/dynamixel_sdk_examples
[2.008s] Invoking command in '/home/ckwolfe/turtlebot3_ws/build/dynamixel_sdk_examples': AMENT_PREFIX_PATH=/home/ckwolfe/turtlebot3_ws/install/dynamixel_sdk_custom_interfaces:/home/ckwolfe/turtlebot3_ws/install/dynamixel_sdk:${AMENT_PREFIX_PATH} CMAKE_PREFIX_PATH=/home/ckwolfe/turtlebot3_ws/install/dynamixel_sdk_custom_interfaces:/home/ckwolfe/turtlebot3_ws/install/dynamixel_sdk:/home/ckwolfe/Github/roar-indy-ws/install/zed_components:/home/ckwolfe/Github/roar-indy-ws/install/zed_interfaces:/home/ckwolfe/Github/roar-indy-ws/install/livox_ros2_driver:/home/ckwolfe/Github/roar-indy-ws/install/livox_sdk_vendor:/home/ckwolfe/Github/roar-indy-ws/install/livox_interfaces:/home/ckwolfe/Github/roar-indy-ws/install/indy_bot_urdf:/home/ckwolfe/Github/roar-indy-ws/install/image_common:/home/ckwolfe/Github/roar-indy-ws/install/image_transport:/home/ckwolfe/Github/roar-indy-ws/install/camera_info_manager:/home/ckwolfe/Github/roar-indy-ws/install/camera_calibration_parsers:/home/ckwolfe/Github/roar-indy-ws/install/roar_waypoint:/home/ckwolfe/Github/roar-indy-ws/install/roar_ground_plane_detector:/home/ckwolfe/Github/roar-indy-ws/install/roar_carla_ros2:/home/ckwolfe/Github/roar-indy-ws/install/deep_sort_ros2:/home/ckwolfe/Github/roar-indy-ws/install/cone_detector_ros2:/opt/ros/foxy LD_LIBRARY_PATH=/home/ckwolfe/turtlebot3_ws/install/dynamixel_sdk_custom_interfaces/lib:/home/ckwolfe/turtlebot3_ws/install/dynamixel_sdk/lib:${LD_LIBRARY_PATH} PYTHONPATH=/home/ckwolfe/turtlebot3_ws/install/dynamixel_sdk_custom_interfaces/lib/python3.8/site-packages:${PYTHONPATH} /usr/bin/cmake --build /home/ckwolfe/turtlebot3_ws/build/dynamixel_sdk_examples -- -j16 -l16
[2.056s] [35m[1mScanning dependencies of target read_write_node[0m
[2.097s] [ 50%] [32mBuilding CXX object CMakeFiles/read_write_node.dir/src/read_write_node.cpp.o[0m
[7.855s] [100%] [32m[1mLinking CXX executable read_write_node[0m
[8.135s] [100%] Built target read_write_node
