[0.811s] Invoking command in '/home/ckwolfe/turtlebot3_ws/build/turtlebot3_example': AMENT_PREFIX_PATH=/home/ckwolfe/turtlebot3_ws/install/turtlebot3_msgs:${AMENT_PREFIX_PATH} CMAKE_PREFIX_PATH=/home/ckwolfe/turtlebot3_ws/install/turtlebot3_msgs:${CMAKE_PREFIX_PATH} LD_LIBRARY_PATH=/home/ckwolfe/turtlebot3_ws/install/turtlebot3_msgs/lib:${LD_LIBRARY_PATH} PYTHONPATH=/home/ckwolfe/turtlebot3_ws/install/turtlebot3_example/lib/python3.8/site-packages:/home/ckwolfe/turtlebot3_ws/install/turtlebot3_msgs/lib/python3.8/site-packages:${PYTHONPATH} /usr/bin/python3 setup.py develop --prefix /home/ckwolfe/turtlebot3_ws/install/turtlebot3_example --editable --build-directory /home/ckwolfe/turtlebot3_ws/build/turtlebot3_example/build --no-deps install_data --install-dir /home/ckwolfe/turtlebot3_ws/install/turtlebot3_example
[1.092s] running develop
[1.253s] running egg_info
[1.254s] creating turtlebot3_example.egg-info
[1.254s] writing turtlebot3_example.egg-info/PKG-INFO
[1.254s] writing dependency_links to turtlebot3_example.egg-info/dependency_links.txt
[1.254s] writing entry points to turtlebot3_example.egg-info/entry_points.txt
[1.254s] writing requirements to turtlebot3_example.egg-info/requires.txt
[1.254s] writing top-level names to turtlebot3_example.egg-info/top_level.txt
[1.256s] writing manifest file 'turtlebot3_example.egg-info/SOURCES.txt'
[1.295s] reading manifest file 'turtlebot3_example.egg-info/SOURCES.txt'
[1.295s] writing manifest file 'turtlebot3_example.egg-info/SOURCES.txt'
[1.334s] running build_ext
[1.335s] Creating /home/ckwolfe/turtlebot3_ws/install/turtlebot3_example/lib/python3.8/site-packages/site.py
[1.337s] Creating /home/ckwolfe/turtlebot3_ws/install/turtlebot3_example/lib/python3.8/site-packages/turtlebot3-example.egg-link (link to .)
[1.338s] Installing turtlebot3_obstacle_detection script to /home/ckwolfe/turtlebot3_ws/install/turtlebot3_example/lib/turtlebot3_example
[1.338s] Installing turtlebot3_patrol_client script to /home/ckwolfe/turtlebot3_ws/install/turtlebot3_example/lib/turtlebot3_example
[1.338s] Installing turtlebot3_patrol_server script to /home/ckwolfe/turtlebot3_ws/install/turtlebot3_example/lib/turtlebot3_example
[1.339s] Installing turtlebot3_position_control script to /home/ckwolfe/turtlebot3_ws/install/turtlebot3_example/lib/turtlebot3_example
[1.339s] 
[1.339s] Installed /home/ckwolfe/turtlebot3_ws/build/turtlebot3_example
[1.339s] running install_data
[1.339s] creating /home/ckwolfe/turtlebot3_ws/install/turtlebot3_example/share/ament_index
[1.339s] creating /home/ckwolfe/turtlebot3_ws/install/turtlebot3_example/share/ament_index/resource_index
[1.339s] creating /home/ckwolfe/turtlebot3_ws/install/turtlebot3_example/share/ament_index/resource_index/packages
[1.340s] copying resource/turtlebot3_example -> /home/ckwolfe/turtlebot3_ws/install/turtlebot3_example/share/ament_index/resource_index/packages
[1.340s] copying package.xml -> /home/ckwolfe/turtlebot3_ws/install/turtlebot3_example/share/turtlebot3_example
